{"/home/junior-anzolin/Projetos/dock-challenge/services/common/src/database/entities/account.ts": {"path":"/home/junior-anzolin/Projetos/dock-challenge/services/common/src/database/entities/account.ts","statementMap":{"0":{"start":{"line":1,"column":0},"end":{"line":1,"column":null}},"1":{"start":{"line":8,"column":0},"end":{"line":8,"column":55}},"2":{"start":{"line":9,"column":0},"end":{"line":9,"column":70}},"3":{"start":{"line":10,"column":0},"end":{"line":10,"column":34}},"4":{"start":{"line":13,"column":0},"end":{"line":13,"column":13}},"5":{"start":{"line":15,"column":4},"end":{"line":15,"column":35}},"6":{"start":{"line":16,"column":4},"end":{"line":16,"column":34}},"7":{"start":{"line":17,"column":4},"end":{"line":17,"column":53}},"8":{"start":{"line":18,"column":4},"end":{"line":18,"column":26}},"9":{"start":{"line":19,"column":4},"end":{"line":19,"column":67}},"10":{"start":{"line":20,"column":4},"end":{"line":20,"column":34}},"11":{"start":{"line":24,"column":2},"end":{"line":24,"column":null}},"12":{"start":{"line":28,"column":2},"end":{"line":28,"column":null}},"13":{"start":{"line":26,"column":19},"end":{"line":26,"column":26}},"14":{"start":{"line":31,"column":2},"end":{"line":31,"column":null}},"15":{"start":{"line":34,"column":2},"end":{"line":34,"column":null}},"16":{"start":{"line":37,"column":2},"end":{"line":37,"column":null}},"17":{"start":{"line":40,"column":2},"end":{"line":40,"column":null}},"18":{"start":{"line":43,"column":2},"end":{"line":43,"column":null}},"19":{"start":{"line":13,"column":13},"end":{"line":44,"column":null}},"20":{"start":{"line":44,"column":0},"end":{"line":44,"column":null}},"21":{"start":{"line":13,"column":13},"end":{"line":13,"column":20}}},"fnMap":{"0":{"name":"(anonymous_2)","decl":{"start":{"line":13,"column":0},"end":{"line":13,"column":13}},"loc":{"start":{"line":13,"column":0},"end":{"line":13,"column":13}}},"1":{"name":"Account","decl":{"start":{"line":14,"column":2},"end":{"line":14,"column":14}},"loc":{"start":{"line":14,"column":37},"end":{"line":21,"column":3}}},"2":{"name":"(anonymous_4)","decl":{"start":{"line":26,"column":13},"end":{"line":26,"column":19}},"loc":{"start":{"line":26,"column":13},"end":{"line":26,"column":25}}}},"branchMap":{"0":{"loc":{"start":{"line":15,"column":20},"end":{"line":15,"column":34}},"type":"cond-expr","locations":[{"start":{"line":15,"column":24},"end":{"line":15,"column":26}},{"start":{"line":15,"column":20},"end":{"line":15,"column":34}}]},"1":{"loc":{"start":{"line":15,"column":20},"end":{"line":15,"column":26}},"type":"binary-expr","locations":[{"start":{"line":15,"column":20},"end":{"line":15,"column":26}},{"start":{"line":15,"column":20},"end":{"line":15,"column":26}}]},"2":{"loc":{"start":{"line":16,"column":14},"end":{"line":16,"column":33}},"type":"cond-expr","locations":[{"start":{"line":16,"column":28},"end":{"line":16,"column":32}},{"start":{"line":16,"column":32},"end":{"line":16,"column":33}}]},"3":{"loc":{"start":{"line":16,"column":14},"end":{"line":16,"column":32}},"type":"binary-expr","locations":[{"start":{"line":16,"column":14},"end":{"line":16,"column":32}},{"start":{"line":16,"column":28},"end":{"line":16,"column":32}}]},"4":{"loc":{"start":{"line":16,"column":17},"end":{"line":16,"column":28}},"type":"cond-expr","locations":[{"start":{"line":16,"column":21},"end":{"line":16,"column":23}},{"start":{"line":16,"column":17},"end":{"line":16,"column":28}}]},"5":{"loc":{"start":{"line":16,"column":17},"end":{"line":16,"column":23}},"type":"binary-expr","locations":[{"start":{"line":16,"column":17},"end":{"line":16,"column":23}},{"start":{"line":16,"column":17},"end":{"line":16,"column":23}}]},"6":{"loc":{"start":{"line":17,"column":29},"end":{"line":17,"column":52}},"type":"cond-expr","locations":[{"start":{"line":17,"column":33},"end":{"line":17,"column":35}},{"start":{"line":17,"column":29},"end":{"line":17,"column":52}}]},"7":{"loc":{"start":{"line":17,"column":29},"end":{"line":17,"column":35}},"type":"binary-expr","locations":[{"start":{"line":17,"column":29},"end":{"line":17,"column":35}},{"start":{"line":17,"column":29},"end":{"line":17,"column":35}}]},"8":{"loc":{"start":{"line":19,"column":18},"end":{"line":19,"column":66}},"type":"cond-expr","locations":[{"start":{"line":19,"column":36},"end":{"line":19,"column":40}},{"start":{"line":19,"column":40},"end":{"line":19,"column":66}}]},"9":{"loc":{"start":{"line":19,"column":18},"end":{"line":19,"column":40}},"type":"binary-expr","locations":[{"start":{"line":19,"column":18},"end":{"line":19,"column":40}},{"start":{"line":19,"column":36},"end":{"line":19,"column":40}}]},"10":{"loc":{"start":{"line":19,"column":21},"end":{"line":19,"column":36}},"type":"cond-expr","locations":[{"start":{"line":19,"column":25},"end":{"line":19,"column":27}},{"start":{"line":19,"column":21},"end":{"line":19,"column":36}}]},"11":{"loc":{"start":{"line":19,"column":21},"end":{"line":19,"column":27}},"type":"binary-expr","locations":[{"start":{"line":19,"column":21},"end":{"line":19,"column":27}},{"start":{"line":19,"column":21},"end":{"line":19,"column":27}}]}},"s":{"0":1,"1":1,"2":1,"3":1,"4":1,"5":0,"6":0,"7":0,"8":0,"9":0,"10":0,"11":1,"12":1,"13":0,"14":1,"15":1,"16":1,"17":1,"18":1,"19":1,"20":1,"21":1},"f":{"0":1,"1":0,"2":0},"b":{"0":[0,0],"1":[0,0],"2":[0,0],"3":[0,0],"4":[0,0],"5":[0,0],"6":[0,0],"7":[0,0],"8":[0,0],"9":[0,0],"10":[0,0],"11":[0,0]}}
,"/home/junior-anzolin/Projetos/dock-challenge/services/common/src/database/entities/people.ts": {"path":"/home/junior-anzolin/Projetos/dock-challenge/services/common/src/database/entities/people.ts","statementMap":{"0":{"start":{"line":1,"column":0},"end":{"line":1,"column":65}},"1":{"start":{"line":2,"column":0},"end":{"line":2,"column":68}},"2":{"start":{"line":5,"column":0},"end":{"line":5,"column":13}},"3":{"start":{"line":7,"column":4},"end":{"line":7,"column":27}},"4":{"start":{"line":8,"column":4},"end":{"line":8,"column":25}},"5":{"start":{"line":9,"column":4},"end":{"line":9,"column":47}},"6":{"start":{"line":13,"column":2},"end":{"line":13,"column":null}},"7":{"start":{"line":16,"column":2},"end":{"line":16,"column":null}},"8":{"start":{"line":19,"column":2},"end":{"line":19,"column":null}},"9":{"start":{"line":22,"column":2},"end":{"line":22,"column":null}},"10":{"start":{"line":5,"column":13},"end":{"line":23,"column":null}},"11":{"start":{"line":23,"column":0},"end":{"line":23,"column":null}},"12":{"start":{"line":5,"column":13},"end":{"line":5,"column":19}}},"fnMap":{"0":{"name":"(anonymous_2)","decl":{"start":{"line":5,"column":0},"end":{"line":5,"column":13}},"loc":{"start":{"line":5,"column":0},"end":{"line":5,"column":13}}},"1":{"name":"People","decl":{"start":{"line":6,"column":2},"end":{"line":6,"column":14}},"loc":{"start":{"line":6,"column":36},"end":{"line":10,"column":3}}}},"branchMap":{"0":{"loc":{"start":{"line":7,"column":16},"end":{"line":7,"column":26}},"type":"cond-expr","locations":[{"start":{"line":7,"column":20},"end":{"line":7,"column":22}},{"start":{"line":7,"column":16},"end":{"line":7,"column":26}}]},"1":{"loc":{"start":{"line":7,"column":16},"end":{"line":7,"column":22}},"type":"binary-expr","locations":[{"start":{"line":7,"column":16},"end":{"line":7,"column":22}},{"start":{"line":7,"column":16},"end":{"line":7,"column":22}}]},"2":{"loc":{"start":{"line":8,"column":15},"end":{"line":8,"column":24}},"type":"cond-expr","locations":[{"start":{"line":8,"column":19},"end":{"line":8,"column":21}},{"start":{"line":8,"column":15},"end":{"line":8,"column":24}}]},"3":{"loc":{"start":{"line":8,"column":15},"end":{"line":8,"column":21}},"type":"binary-expr","locations":[{"start":{"line":8,"column":15},"end":{"line":8,"column":21}},{"start":{"line":8,"column":15},"end":{"line":8,"column":21}}]},"4":{"loc":{"start":{"line":9,"column":26},"end":{"line":9,"column":46}},"type":"cond-expr","locations":[{"start":{"line":9,"column":30},"end":{"line":9,"column":32}},{"start":{"line":9,"column":26},"end":{"line":9,"column":46}}]},"5":{"loc":{"start":{"line":9,"column":26},"end":{"line":9,"column":32}},"type":"binary-expr","locations":[{"start":{"line":9,"column":26},"end":{"line":9,"column":32}},{"start":{"line":9,"column":26},"end":{"line":9,"column":32}}]}},"s":{"0":2,"1":2,"2":2,"3":0,"4":0,"5":0,"6":2,"7":2,"8":2,"9":2,"10":2,"11":2,"12":2},"f":{"0":2,"1":0},"b":{"0":[0,0],"1":[0,0],"2":[0,0],"3":[0,0],"4":[0,0],"5":[0,0]}}
,"/home/junior-anzolin/Projetos/dock-challenge/services/common/src/database/entities/transaction.ts": {"path":"/home/junior-anzolin/Projetos/dock-challenge/services/common/src/database/entities/transaction.ts","statementMap":{"0":{"start":{"line":1,"column":0},"end":{"line":1,"column":null}},"1":{"start":{"line":8,"column":0},"end":{"line":8,"column":81}},"2":{"start":{"line":9,"column":0},"end":{"line":9,"column":36}},"3":{"start":{"line":12,"column":0},"end":{"line":12,"column":13}},"4":{"start":{"line":14,"column":4},"end":{"line":14,"column":33}},"5":{"start":{"line":15,"column":4},"end":{"line":15,"column":29}},"6":{"start":{"line":16,"column":4},"end":{"line":16,"column":36}},"7":{"start":{"line":20,"column":2},"end":{"line":20,"column":null}},"8":{"start":{"line":24,"column":2},"end":{"line":24,"column":null}},"9":{"start":{"line":22,"column":19},"end":{"line":22,"column":27}},"10":{"start":{"line":27,"column":2},"end":{"line":27,"column":null}},"11":{"start":{"line":30,"column":2},"end":{"line":30,"column":null}},"12":{"start":{"line":12,"column":13},"end":{"line":31,"column":null}},"13":{"start":{"line":31,"column":0},"end":{"line":31,"column":null}},"14":{"start":{"line":12,"column":13},"end":{"line":12,"column":24}}},"fnMap":{"0":{"name":"(anonymous_2)","decl":{"start":{"line":12,"column":0},"end":{"line":12,"column":13}},"loc":{"start":{"line":12,"column":0},"end":{"line":12,"column":13}}},"1":{"name":"Transaction","decl":{"start":{"line":13,"column":2},"end":{"line":13,"column":14}},"loc":{"start":{"line":13,"column":44},"end":{"line":17,"column":3}}},"2":{"name":"(anonymous_4)","decl":{"start":{"line":22,"column":13},"end":{"line":22,"column":19}},"loc":{"start":{"line":22,"column":13},"end":{"line":22,"column":26}}}},"branchMap":{"0":{"loc":{"start":{"line":14,"column":19},"end":{"line":14,"column":32}},"type":"cond-expr","locations":[{"start":{"line":14,"column":23},"end":{"line":14,"column":25}},{"start":{"line":14,"column":19},"end":{"line":14,"column":32}}]},"1":{"loc":{"start":{"line":14,"column":19},"end":{"line":14,"column":25}},"type":"binary-expr","locations":[{"start":{"line":14,"column":19},"end":{"line":14,"column":25}},{"start":{"line":14,"column":19},"end":{"line":14,"column":25}}]},"2":{"loc":{"start":{"line":15,"column":17},"end":{"line":15,"column":28}},"type":"cond-expr","locations":[{"start":{"line":15,"column":21},"end":{"line":15,"column":23}},{"start":{"line":15,"column":17},"end":{"line":15,"column":28}}]},"3":{"loc":{"start":{"line":15,"column":17},"end":{"line":15,"column":23}},"type":"binary-expr","locations":[{"start":{"line":15,"column":17},"end":{"line":15,"column":23}},{"start":{"line":15,"column":17},"end":{"line":15,"column":23}}]}},"s":{"0":1,"1":1,"2":1,"3":1,"4":1,"5":1,"6":1,"7":1,"8":1,"9":0,"10":1,"11":1,"12":1,"13":1,"14":1},"f":{"0":1,"1":1,"2":0},"b":{"0":[0,1],"1":[1,1],"2":[0,1],"3":[1,1]}}
,"/home/junior-anzolin/Projetos/dock-challenge/services/common/src/enums/account-type.ts": {"path":"/home/junior-anzolin/Projetos/dock-challenge/services/common/src/enums/account-type.ts","statementMap":{"0":{"start":{"line":1,"column":0},"end":{"line":1,"column":null}},"1":{"start":{"line":2,"column":2},"end":{"line":2,"column":null}},"2":{"start":{"line":3,"column":2},"end":{"line":3,"column":null}},"3":{"start":{"line":4,"column":2},"end":{"line":4,"column":null}}},"fnMap":{"0":{"name":"(anonymous_0)","decl":{"start":{"line":1,"column":0},"end":{"line":1,"column":12}},"loc":{"start":{"line":1,"column":23},"end":{"line":5,"column":1}}}},"branchMap":{"0":{"loc":{"start":{"line":1,"column":12},"end":{"line":1,"column":null}},"type":"binary-expr","locations":[{"start":{"line":1,"column":12},"end":{"line":1,"column":23}},{"start":{"line":1,"column":12},"end":{"line":1,"column":null}}]}},"s":{"0":1,"1":1,"2":1,"3":1},"f":{"0":1},"b":{"0":[1,1]}}
,"/home/junior-anzolin/Projetos/dock-challenge/services/common/src/people-operation/people-operation.service.ts": {"path":"/home/junior-anzolin/Projetos/dock-challenge/services/common/src/people-operation/people-operation.service.ts","statementMap":{"0":{"start":{"line":1,"column":0},"end":{"line":1,"column":59}},"1":{"start":{"line":2,"column":0},"end":{"line":2,"column":51}},"2":{"start":{"line":3,"column":0},"end":{"line":3,"column":37}},"3":{"start":{"line":4,"column":0},"end":{"line":4,"column":53}},"4":{"start":{"line":7,"column":0},"end":{"line":7,"column":13}},"5":{"start":{"line":10,"column":21},"end":{"line":10,"column":31}},"6":{"start":{"line":13,"column":8},"end":{"line":18,"column":null}},"7":{"start":{"line":14,"column":19},"end":{"line":14,"column":null}},"8":{"start":{"line":14,"column":10},"end":{"line":14,"column":null}},"9":{"start":{"line":15,"column":4},"end":{"line":15,"column":71}},"10":{"start":{"line":15,"column":17},"end":{"line":15,"column":71}},"11":{"start":{"line":17,"column":4},"end":{"line":17,"column":18}},"12":{"start":{"line":7,"column":13},"end":{"line":19,"column":null}},"13":{"start":{"line":19,"column":0},"end":{"line":19,"column":null}},"14":{"start":{"line":7,"column":13},"end":{"line":7,"column":35}}},"fnMap":{"0":{"name":"(anonymous_17)","decl":{"start":{"line":7,"column":0},"end":{"line":7,"column":13}},"loc":{"start":{"line":7,"column":0},"end":{"line":7,"column":13}}},"1":{"name":"PeopleOperationService","decl":{"start":{"line":8,"column":2},"end":{"line":8,"column":null}},"loc":{"start":{"line":10,"column":49},"end":{"line":11,"column":6}}},"2":{"name":"(anonymous_19)","decl":{"start":{"line":13,"column":2},"end":{"line":13,"column":8}},"loc":{"start":{"line":13,"column":28},"end":{"line":18,"column":null}}}},"branchMap":{"0":{"loc":{"start":{"line":14,"column":19},"end":{"line":14,"column":null}},"type":"switch","locations":[{"start":{"line":14,"column":19},"end":{"line":14,"column":null}}]},"1":{"loc":{"start":{"line":15,"column":4},"end":{"line":15,"column":71}},"type":"if","locations":[{"start":{"line":15,"column":4},"end":{"line":15,"column":71}},{"start":{"line":15,"column":4},"end":{"line":15,"column":71}}]}},"s":{"0":1,"1":1,"2":1,"3":1,"4":1,"5":2,"6":1,"7":1,"8":1,"9":1,"10":0,"11":1,"12":1,"13":1,"14":1},"f":{"0":1,"1":2,"2":1},"b":{"0":[1],"1":[0,1]}}
,"/home/junior-anzolin/Projetos/dock-challenge/services/common/src/transaction-operation/transaction-operation.service.ts": {"path":"/home/junior-anzolin/Projetos/dock-challenge/services/common/src/transaction-operation/transaction-operation.service.ts","statementMap":{"0":{"start":{"line":1,"column":0},"end":{"line":1,"column":59}},"1":{"start":{"line":2,"column":0},"end":{"line":2,"column":51}},"2":{"start":{"line":3,"column":0},"end":{"line":3,"column":56}},"3":{"start":{"line":4,"column":0},"end":{"line":4,"column":63}},"4":{"start":{"line":5,"column":0},"end":{"line":5,"column":38}},"5":{"start":{"line":9,"column":0},"end":{"line":9,"column":13}},"6":{"start":{"line":12,"column":21},"end":{"line":12,"column":36}},"7":{"start":{"line":15,"column":8},"end":{"line":17,"column":null}},"8":{"start":{"line":16,"column":11},"end":{"line":16,"column":64}},"9":{"start":{"line":16,"column":4},"end":{"line":16,"column":64}},"10":{"start":{"line":19,"column":8},"end":{"line":44,"column":null}},"11":{"start":{"line":20,"column":35},"end":{"line":30,"column":null}},"12":{"start":{"line":20,"column":15},"end":{"line":20,"column":35}},"13":{"start":{"line":32,"column":4},"end":{"line":33,"column":32}},"14":{"start":{"line":32,"column":25},"end":{"line":32,"column":72}},"15":{"start":{"line":33,"column":9},"end":{"line":33,"column":32}},"16":{"start":{"line":34,"column":4},"end":{"line":34,"column":41}},"17":{"start":{"line":36,"column":4},"end":{"line":43,"column":73}},"18":{"start":{"line":37,"column":6},"end":{"line":42,"column":23}},"19":{"start":{"line":38,"column":8},"end":{"line":41,"column":10}},"20":{"start":{"line":42,"column":11},"end":{"line":42,"column":23}},"21":{"start":{"line":43,"column":9},"end":{"line":43,"column":73}},"22":{"start":{"line":9,"column":13},"end":{"line":45,"column":null}},"23":{"start":{"line":45,"column":0},"end":{"line":45,"column":null}},"24":{"start":{"line":9,"column":13},"end":{"line":9,"column":40}}},"fnMap":{"0":{"name":"(anonymous_17)","decl":{"start":{"line":9,"column":0},"end":{"line":9,"column":13}},"loc":{"start":{"line":9,"column":0},"end":{"line":9,"column":13}}},"1":{"name":"TransactionOperationService","decl":{"start":{"line":10,"column":2},"end":{"line":10,"column":null}},"loc":{"start":{"line":12,"column":59},"end":{"line":13,"column":6}}},"2":{"name":"(anonymous_19)","decl":{"start":{"line":15,"column":2},"end":{"line":15,"column":8}},"loc":{"start":{"line":15,"column":44},"end":{"line":17,"column":null}}},"3":{"name":"(anonymous_22)","decl":{"start":{"line":19,"column":2},"end":{"line":19,"column":8}},"loc":{"start":{"line":19,"column":55},"end":{"line":44,"column":null}}}},"branchMap":{"0":{"loc":{"start":{"line":16,"column":11},"end":{"line":16,"column":64}},"type":"switch","locations":[{"start":{"line":16,"column":11},"end":{"line":16,"column":64}},{"start":{"line":16,"column":4},"end":{"line":16,"column":64}}]},"1":{"loc":{"start":{"line":20,"column":35},"end":{"line":30,"column":null}},"type":"switch","locations":[{"start":{"line":20,"column":35},"end":{"line":30,"column":null}}]},"2":{"loc":{"start":{"line":32,"column":4},"end":{"line":33,"column":32}},"type":"if","locations":[{"start":{"line":32,"column":4},"end":{"line":33,"column":32}},{"start":{"line":32,"column":4},"end":{"line":33,"column":32}}]},"3":{"loc":{"start":{"line":36,"column":4},"end":{"line":43,"column":73}},"type":"if","locations":[{"start":{"line":36,"column":4},"end":{"line":43,"column":73}},{"start":{"line":36,"column":4},"end":{"line":43,"column":73}}]},"4":{"loc":{"start":{"line":36,"column":8},"end":{"line":36,"column":51}},"type":"binary-expr","locations":[{"start":{"line":36,"column":8},"end":{"line":36,"column":24}},{"start":{"line":36,"column":28},"end":{"line":36,"column":51}}]},"5":{"loc":{"start":{"line":37,"column":6},"end":{"line":42,"column":23}},"type":"if","locations":[{"start":{"line":37,"column":6},"end":{"line":42,"column":23}},{"start":{"line":37,"column":6},"end":{"line":42,"column":23}}]}},"s":{"0":1,"1":1,"2":1,"3":1,"4":1,"5":1,"6":3,"7":1,"8":1,"9":1,"10":1,"11":1,"12":1,"13":1,"14":1,"15":0,"16":1,"17":1,"18":1,"19":0,"20":1,"21":0,"22":1,"23":1,"24":1},"f":{"0":1,"1":3,"2":1,"3":1},"b":{"0":[1,1],"1":[1],"2":[1,0],"3":[1,0],"4":[1,1],"5":[0,1]}}
,"/home/junior-anzolin/Projetos/dock-challenge/services/common/src/util/is-valid-cpf.ts": {"path":"/home/junior-anzolin/Projetos/dock-challenge/services/common/src/util/is-valid-cpf.ts","statementMap":{"0":{"start":{"line":1,"column":0},"end":{"line":1,"column":71}},"1":{"start":{"line":2,"column":0},"end":{"line":2,"column":50}},"2":{"start":{"line":4,"column":13},"end":{"line":36,"column":2}},"3":{"start":{"line":6,"column":2},"end":{"line":6,"column":33}},"4":{"start":{"line":9,"column":2},"end":{"line":9,"column":10}},"5":{"start":{"line":10,"column":2},"end":{"line":10,"column":44}},"6":{"start":{"line":10,"column":31},"end":{"line":10,"column":44}},"7":{"start":{"line":11,"column":2},"end":{"line":11,"column":44}},"8":{"start":{"line":11,"column":31},"end":{"line":11,"column":44}},"9":{"start":{"line":12,"column":2},"end":{"line":12,"column":44}},"10":{"start":{"line":12,"column":31},"end":{"line":12,"column":44}},"11":{"start":{"line":13,"column":2},"end":{"line":13,"column":44}},"12":{"start":{"line":13,"column":31},"end":{"line":13,"column":44}},"13":{"start":{"line":14,"column":2},"end":{"line":14,"column":44}},"14":{"start":{"line":14,"column":31},"end":{"line":14,"column":44}},"15":{"start":{"line":15,"column":2},"end":{"line":15,"column":44}},"16":{"start":{"line":15,"column":31},"end":{"line":15,"column":44}},"17":{"start":{"line":16,"column":2},"end":{"line":16,"column":44}},"18":{"start":{"line":16,"column":31},"end":{"line":16,"column":44}},"19":{"start":{"line":17,"column":2},"end":{"line":17,"column":44}},"20":{"start":{"line":17,"column":31},"end":{"line":17,"column":44}},"21":{"start":{"line":18,"column":2},"end":{"line":18,"column":44}},"22":{"start":{"line":18,"column":31},"end":{"line":18,"column":44}},"23":{"start":{"line":19,"column":2},"end":{"line":19,"column":44}},"24":{"start":{"line":19,"column":31},"end":{"line":19,"column":44}},"25":{"start":{"line":21,"column":2},"end":{"line":22,"column":64}},"26":{"start":{"line":21,"column":23},"end":{"line":21,"column":24}},"27":{"start":{"line":22,"column":4},"end":{"line":22,"column":64}},"28":{"start":{"line":23,"column":2},"end":{"line":23,"column":25}},"29":{"start":{"line":25,"column":2},"end":{"line":25,"column":41}},"30":{"start":{"line":25,"column":32},"end":{"line":25,"column":41}},"31":{"start":{"line":26,"column":2},"end":{"line":26,"column":62}},"32":{"start":{"line":26,"column":49},"end":{"line":26,"column":62}},"33":{"start":{"line":28,"column":2},"end":{"line":28,"column":10}},"34":{"start":{"line":29,"column":2},"end":{"line":30,"column":64}},"35":{"start":{"line":29,"column":23},"end":{"line":29,"column":24}},"36":{"start":{"line":30,"column":4},"end":{"line":30,"column":64}},"37":{"start":{"line":31,"column":2},"end":{"line":31,"column":25}},"38":{"start":{"line":33,"column":2},"end":{"line":33,"column":41}},"39":{"start":{"line":33,"column":32},"end":{"line":33,"column":41}},"40":{"start":{"line":34,"column":2},"end":{"line":34,"column":63}},"41":{"start":{"line":34,"column":50},"end":{"line":34,"column":63}},"42":{"start":{"line":35,"column":2},"end":{"line":35,"column":14}},"43":{"start":{"line":39,"column":2},"end":{"line":39,"column":null}},"44":{"start":{"line":41,"column":2},"end":{"line":55,"column":4}},"45":{"start":{"line":42,"column":4},"end":{"line":54,"column":7}},"46":{"start":{"line":50,"column":10},"end":{"line":50,"column":35}},"47":{"start":{"line":50,"column":22},"end":{"line":50,"column":35}},"48":{"start":{"line":51,"column":10},"end":{"line":51,"column":47}},"49":{"start":{"line":38,"column":0},"end":{"line":38,"column":16}}},"fnMap":{"0":{"name":"(anonymous_0)","decl":{"start":{"line":4,"column":27},"end":{"line":4,"column":28}},"loc":{"start":{"line":4,"column":42},"end":{"line":36,"column":1}}},"1":{"name":"isValidCPF","decl":{"start":{"line":38,"column":16},"end":{"line":38,"column":26}},"loc":{"start":{"line":39,"column":68},"end":{"line":56,"column":1}}},"2":{"name":"(anonymous_2)","decl":{"start":{"line":41,"column":9},"end":{"line":41,"column":10}},"loc":{"start":{"line":41,"column":46},"end":{"line":55,"column":3}}},"3":{"name":"(anonymous_3)","decl":{"start":{"line":49,"column":8},"end":{"line":49,"column":16}},"loc":{"start":{"line":49,"column":27},"end":{"line":52,"column":9}}}},"branchMap":{"0":{"loc":{"start":{"line":10,"column":2},"end":{"line":10,"column":44}},"type":"if","locations":[{"start":{"line":10,"column":2},"end":{"line":10,"column":44}},{"start":{"line":10,"column":2},"end":{"line":10,"column":44}}]},"1":{"loc":{"start":{"line":11,"column":2},"end":{"line":11,"column":44}},"type":"if","locations":[{"start":{"line":11,"column":2},"end":{"line":11,"column":44}},{"start":{"line":11,"column":2},"end":{"line":11,"column":44}}]},"2":{"loc":{"start":{"line":12,"column":2},"end":{"line":12,"column":44}},"type":"if","locations":[{"start":{"line":12,"column":2},"end":{"line":12,"column":44}},{"start":{"line":12,"column":2},"end":{"line":12,"column":44}}]},"3":{"loc":{"start":{"line":13,"column":2},"end":{"line":13,"column":44}},"type":"if","locations":[{"start":{"line":13,"column":2},"end":{"line":13,"column":44}},{"start":{"line":13,"column":2},"end":{"line":13,"column":44}}]},"4":{"loc":{"start":{"line":14,"column":2},"end":{"line":14,"column":44}},"type":"if","locations":[{"start":{"line":14,"column":2},"end":{"line":14,"column":44}},{"start":{"line":14,"column":2},"end":{"line":14,"column":44}}]},"5":{"loc":{"start":{"line":15,"column":2},"end":{"line":15,"column":44}},"type":"if","locations":[{"start":{"line":15,"column":2},"end":{"line":15,"column":44}},{"start":{"line":15,"column":2},"end":{"line":15,"column":44}}]},"6":{"loc":{"start":{"line":16,"column":2},"end":{"line":16,"column":44}},"type":"if","locations":[{"start":{"line":16,"column":2},"end":{"line":16,"column":44}},{"start":{"line":16,"column":2},"end":{"line":16,"column":44}}]},"7":{"loc":{"start":{"line":17,"column":2},"end":{"line":17,"column":44}},"type":"if","locations":[{"start":{"line":17,"column":2},"end":{"line":17,"column":44}},{"start":{"line":17,"column":2},"end":{"line":17,"column":44}}]},"8":{"loc":{"start":{"line":18,"column":2},"end":{"line":18,"column":44}},"type":"if","locations":[{"start":{"line":18,"column":2},"end":{"line":18,"column":44}},{"start":{"line":18,"column":2},"end":{"line":18,"column":44}}]},"9":{"loc":{"start":{"line":19,"column":2},"end":{"line":19,"column":44}},"type":"if","locations":[{"start":{"line":19,"column":2},"end":{"line":19,"column":44}},{"start":{"line":19,"column":2},"end":{"line":19,"column":44}}]},"10":{"loc":{"start":{"line":25,"column":2},"end":{"line":25,"column":41}},"type":"if","locations":[{"start":{"line":25,"column":2},"end":{"line":25,"column":41}},{"start":{"line":25,"column":2},"end":{"line":25,"column":41}}]},"11":{"loc":{"start":{"line":25,"column":6},"end":{"line":25,"column":30}},"type":"binary-expr","locations":[{"start":{"line":25,"column":6},"end":{"line":25,"column":16}},{"start":{"line":25,"column":20},"end":{"line":25,"column":30}}]},"12":{"loc":{"start":{"line":26,"column":2},"end":{"line":26,"column":62}},"type":"if","locations":[{"start":{"line":26,"column":2},"end":{"line":26,"column":62}},{"start":{"line":26,"column":2},"end":{"line":26,"column":62}}]},"13":{"loc":{"start":{"line":33,"column":2},"end":{"line":33,"column":41}},"type":"if","locations":[{"start":{"line":33,"column":2},"end":{"line":33,"column":41}},{"start":{"line":33,"column":2},"end":{"line":33,"column":41}}]},"14":{"loc":{"start":{"line":33,"column":6},"end":{"line":33,"column":30}},"type":"binary-expr","locations":[{"start":{"line":33,"column":6},"end":{"line":33,"column":16}},{"start":{"line":33,"column":20},"end":{"line":33,"column":30}}]},"15":{"loc":{"start":{"line":34,"column":2},"end":{"line":34,"column":63}},"type":"if","locations":[{"start":{"line":34,"column":2},"end":{"line":34,"column":63}},{"start":{"line":34,"column":2},"end":{"line":34,"column":63}}]},"16":{"loc":{"start":{"line":39,"column":2},"end":{"line":39,"column":null}},"type":"if","locations":[{"start":{"line":39,"column":2},"end":{"line":39,"column":null}},{"start":{"line":39,"column":2},"end":{"line":39,"column":null}}]},"17":{"loc":{"start":{"line":50,"column":10},"end":{"line":50,"column":35}},"type":"if","locations":[{"start":{"line":50,"column":10},"end":{"line":50,"column":35}},{"start":{"line":50,"column":10},"end":{"line":50,"column":35}}]}},"s":{"0":3,"1":3,"2":3,"3":4,"4":4,"5":4,"6":2,"7":2,"8":0,"9":2,"10":0,"11":2,"12":0,"13":2,"14":0,"15":2,"16":0,"17":2,"18":0,"19":2,"20":0,"21":2,"22":0,"23":2,"24":0,"25":2,"26":2,"27":18,"28":2,"29":2,"30":0,"31":2,"32":0,"33":2,"34":2,"35":2,"36":20,"37":2,"38":2,"39":0,"40":2,"41":0,"42":2,"43":6,"44":3,"45":3,"46":2,"47":0,"48":2,"49":3},"f":{"0":4,"1":3,"2":3,"3":2},"b":{"0":[2,2],"1":[0,2],"2":[0,2],"3":[0,2],"4":[0,2],"5":[0,2],"6":[0,2],"7":[0,2],"8":[0,2],"9":[0,2],"10":[0,2],"11":[2,2],"12":[0,2],"13":[0,2],"14":[2,2],"15":[0,2],"16":[3,0],"17":[0,2]}}
,"/home/junior-anzolin/Projetos/dock-challenge/services/common/src/util/remove-mask-cpf.ts": {"path":"/home/junior-anzolin/Projetos/dock-challenge/services/common/src/util/remove-mask-cpf.ts","statementMap":{"0":{"start":{"line":1,"column":13},"end":{"line":4,"column":2}},"1":{"start":{"line":3,"column":2},"end":{"line":3,"column":55}}},"fnMap":{"0":{"name":"(anonymous_0)","decl":{"start":{"line":1,"column":29},"end":{"line":1,"column":30}},"loc":{"start":{"line":1,"column":43},"end":{"line":4,"column":1}}}},"branchMap":{},"s":{"0":3,"1":4},"f":{"0":4},"b":{}}
,"/home/junior-anzolin/Projetos/dock-challenge/services/common/src/util/today.ts": {"path":"/home/junior-anzolin/Projetos/dock-challenge/services/common/src/util/today.ts","statementMap":{"0":{"start":{"line":1,"column":0},"end":{"line":1,"column":34}},"1":{"start":{"line":3,"column":13},"end":{"line":5,"column":2}},"2":{"start":{"line":4,"column":2},"end":{"line":4,"column":42}}},"fnMap":{"0":{"name":"(anonymous_0)","decl":{"start":{"line":3,"column":21},"end":{"line":3,"column":null}},"loc":{"start":{"line":3,"column":21},"end":{"line":5,"column":1}}}},"branchMap":{},"s":{"0":1,"1":1,"2":2},"f":{"0":2},"b":{}}
,"/home/junior-anzolin/Projetos/dock-challenge/services/common/src/validation/account.validator.ts": {"path":"/home/junior-anzolin/Projetos/dock-challenge/services/common/src/validation/account.validator.ts","statementMap":{"0":{"start":{"line":1,"column":0},"end":{"line":1,"column":null}},"1":{"start":{"line":8,"column":0},"end":{"line":8,"column":52}},"2":{"start":{"line":10,"column":0},"end":{"line":10,"column":13}},"3":{"start":{"line":13,"column":2},"end":{"line":13,"column":null}},"4":{"start":{"line":17,"column":2},"end":{"line":17,"column":null}},"5":{"start":{"line":21,"column":2},"end":{"line":21,"column":null}},"6":{"start":{"line":25,"column":2},"end":{"line":25,"column":null}},"7":{"start":{"line":26,"column":0},"end":{"line":26,"column":null}},"8":{"start":{"line":10,"column":13},"end":{"line":10,"column":29}}},"fnMap":{"0":{"name":"(anonymous_2)","decl":{"start":{"line":10,"column":0},"end":{"line":10,"column":13}},"loc":{"start":{"line":10,"column":0},"end":{"line":10,"column":13}}}},"branchMap":{},"s":{"0":1,"1":1,"2":1,"3":1,"4":1,"5":1,"6":1,"7":1,"8":1},"f":{"0":1},"b":{}}
,"/home/junior-anzolin/Projetos/dock-challenge/services/common/src/validation/people.validator.ts": {"path":"/home/junior-anzolin/Projetos/dock-challenge/services/common/src/validation/people.validator.ts","statementMap":{"0":{"start":{"line":1,"column":0},"end":{"line":1,"column":69}},"1":{"start":{"line":2,"column":0},"end":{"line":2,"column":50}},"2":{"start":{"line":4,"column":0},"end":{"line":4,"column":13}},"3":{"start":{"line":7,"column":2},"end":{"line":7,"column":null}},"4":{"start":{"line":11,"column":2},"end":{"line":11,"column":null}},"5":{"start":{"line":15,"column":2},"end":{"line":15,"column":null}},"6":{"start":{"line":16,"column":0},"end":{"line":16,"column":null}},"7":{"start":{"line":4,"column":13},"end":{"line":4,"column":28}}},"fnMap":{"0":{"name":"(anonymous_2)","decl":{"start":{"line":4,"column":0},"end":{"line":4,"column":13}},"loc":{"start":{"line":4,"column":0},"end":{"line":4,"column":13}}}},"branchMap":{},"s":{"0":2,"1":2,"2":2,"3":2,"4":2,"5":2,"6":2,"7":2},"f":{"0":2},"b":{}}
,"/home/junior-anzolin/Projetos/dock-challenge/services/common/src/validation/transaction.validator.ts": {"path":"/home/junior-anzolin/Projetos/dock-challenge/services/common/src/validation/transaction.validator.ts","statementMap":{"0":{"start":{"line":1,"column":0},"end":{"line":1,"column":65}},"1":{"start":{"line":3,"column":0},"end":{"line":3,"column":13}},"2":{"start":{"line":6,"column":2},"end":{"line":6,"column":null}},"3":{"start":{"line":10,"column":2},"end":{"line":10,"column":null}},"4":{"start":{"line":11,"column":0},"end":{"line":11,"column":null}},"5":{"start":{"line":3,"column":13},"end":{"line":3,"column":36}}},"fnMap":{"0":{"name":"(anonymous_2)","decl":{"start":{"line":3,"column":0},"end":{"line":3,"column":13}},"loc":{"start":{"line":3,"column":0},"end":{"line":3,"column":13}}}},"branchMap":{},"s":{"0":1,"1":1,"2":1,"3":1,"4":1,"5":1},"f":{"0":1},"b":{}}
}
