TN:
SF:src/database/entities/account.ts
FN:13,(anonymous_2)
FN:14,Account
FN:26,(anonymous_4)
FNF:3
FNH:1
FNDA:1,(anonymous_2)
FNDA:0,Account
FNDA:0,(anonymous_4)
DA:1,1
DA:8,1
DA:9,1
DA:10,1
DA:13,1
DA:15,0
DA:16,0
DA:17,0
DA:18,0
DA:19,0
DA:20,0
DA:24,1
DA:26,0
DA:28,1
DA:31,1
DA:34,1
DA:37,1
DA:40,1
DA:43,1
DA:44,1
LF:20
LH:13
BRDA:15,0,0,0
BRDA:15,0,1,0
BRDA:15,1,0,0
BRDA:15,1,1,0
BRDA:16,2,0,0
BRDA:16,2,1,0
BRDA:16,3,0,0
BRDA:16,3,1,0
BRDA:16,4,0,0
BRDA:16,4,1,0
BRDA:16,5,0,0
BRDA:16,5,1,0
BRDA:17,6,0,0
BRDA:17,6,1,0
BRDA:17,7,0,0
BRDA:17,7,1,0
BRDA:19,8,0,0
BRDA:19,8,1,0
BRDA:19,9,0,0
BRDA:19,9,1,0
BRDA:19,10,0,0
BRDA:19,10,1,0
BRDA:19,11,0,0
BRDA:19,11,1,0
BRF:24
BRH:0
end_of_record
TN:
SF:src/database/entities/people.ts
FN:5,(anonymous_2)
FN:6,People
FNF:2
FNH:1
FNDA:2,(anonymous_2)
FNDA:0,People
DA:1,2
DA:2,2
DA:5,2
DA:7,0
DA:8,0
DA:9,0
DA:13,2
DA:16,2
DA:19,2
DA:22,2
DA:23,2
LF:11
LH:8
BRDA:7,0,0,0
BRDA:7,0,1,0
BRDA:7,1,0,0
BRDA:7,1,1,0
BRDA:8,2,0,0
BRDA:8,2,1,0
BRDA:8,3,0,0
BRDA:8,3,1,0
BRDA:9,4,0,0
BRDA:9,4,1,0
BRDA:9,5,0,0
BRDA:9,5,1,0
BRF:12
BRH:0
end_of_record
TN:
SF:src/database/entities/transaction.ts
FN:12,(anonymous_2)
FN:13,Transaction
FN:22,(anonymous_4)
FNF:3
FNH:2
FNDA:1,(anonymous_2)
FNDA:1,Transaction
FNDA:0,(anonymous_4)
DA:1,1
DA:8,1
DA:9,1
DA:12,1
DA:14,1
DA:15,1
DA:16,1
DA:20,1
DA:22,0
DA:24,1
DA:27,1
DA:30,1
DA:31,1
LF:13
LH:12
BRDA:14,0,0,0
BRDA:14,0,1,1
BRDA:14,1,0,1
BRDA:14,1,1,1
BRDA:15,2,0,0
BRDA:15,2,1,1
BRDA:15,3,0,1
BRDA:15,3,1,1
BRF:8
BRH:6
end_of_record
TN:
SF:src/enums/account-type.ts
FN:1,(anonymous_0)
FNF:1
FNH:1
FNDA:1,(anonymous_0)
DA:1,1
DA:2,1
DA:3,1
DA:4,1
LF:4
LH:4
BRDA:1,0,0,1
BRDA:1,0,1,1
BRF:2
BRH:2
end_of_record
TN:
SF:src/people-operation/people-operation.service.ts
FN:7,(anonymous_17)
FN:8,PeopleOperationService
FN:13,(anonymous_19)
FNF:3
FNH:3
FNDA:1,(anonymous_17)
FNDA:3,PeopleOperationService
FNDA:2,(anonymous_19)
DA:1,1
DA:2,1
DA:3,1
DA:4,1
DA:7,1
DA:10,3
DA:13,1
DA:14,2
DA:15,2
DA:17,1
DA:19,1
LF:11
LH:11
BRDA:14,0,0,2
BRDA:15,1,0,1
BRDA:15,1,1,1
BRF:3
BRH:3
end_of_record
TN:
SF:src/transaction-operation/transaction-operation.service.ts
FN:9,(anonymous_17)
FN:10,TransactionOperationService
FN:15,(anonymous_19)
FN:19,(anonymous_22)
FNF:4
FNH:4
FNDA:1,(anonymous_17)
FNDA:5,TransactionOperationService
FNDA:1,(anonymous_19)
FNDA:3,(anonymous_22)
DA:1,1
DA:2,1
DA:3,1
DA:4,1
DA:5,1
DA:9,1
DA:12,5
DA:15,1
DA:16,1
DA:19,1
DA:20,3
DA:33,3
DA:34,2
DA:35,1
DA:36,3
DA:38,3
DA:39,2
DA:40,1
DA:44,1
DA:45,1
DA:47,1
LF:21
LH:21
BRDA:16,0,0,1
BRDA:16,0,1,1
BRDA:20,1,0,3
BRDA:33,2,0,2
BRDA:33,2,1,1
BRDA:38,3,0,2
BRDA:38,3,1,1
BRDA:38,4,0,3
BRDA:38,4,1,2
BRDA:39,5,0,1
BRDA:39,5,1,1
BRF:11
BRH:11
end_of_record
TN:
SF:src/util/is-valid-cpf.ts
FN:4,(anonymous_0)
FN:41,isValidCPF
FN:44,(anonymous_2)
FN:52,(anonymous_3)
FNF:4
FNH:4
FNDA:4,(anonymous_0)
FNDA:3,isValidCPF
FNDA:3,(anonymous_2)
FNDA:2,(anonymous_3)
DA:1,3
DA:2,3
DA:4,3
DA:6,4
DA:7,4
DA:21,4
DA:22,4
DA:24,2
DA:25,18
DA:26,2
DA:28,2
DA:29,2
DA:31,2
DA:32,2
DA:33,20
DA:34,2
DA:36,2
DA:37,2
DA:38,2
DA:41,3
DA:42,6
DA:44,3
DA:45,3
DA:53,2
DA:54,2
LF:25
LH:25
BRDA:22,0,0,2
BRDA:22,0,1,2
BRDA:28,1,0,0
BRDA:28,1,1,2
BRDA:28,2,0,2
BRDA:28,2,1,2
BRDA:29,3,0,0
BRDA:29,3,1,2
BRDA:36,4,0,0
BRDA:36,4,1,2
BRDA:36,5,0,2
BRDA:36,5,1,2
BRDA:37,6,0,0
BRDA:37,6,1,2
BRDA:42,7,0,3
BRDA:42,7,1,0
BRDA:53,8,0,0
BRDA:53,8,1,2
BRF:18
BRH:12
end_of_record
TN:
SF:src/util/remove-mask-cpf.ts
FN:1,(anonymous_0)
FNF:1
FNH:1
FNDA:4,(anonymous_0)
DA:1,3
DA:3,4
LF:2
LH:2
BRF:0
BRH:0
end_of_record
TN:
SF:src/util/today.ts
FN:3,(anonymous_0)
FNF:1
FNH:1
FNDA:6,(anonymous_0)
DA:1,1
DA:3,1
DA:4,6
LF:3
LH:3
BRF:0
BRH:0
end_of_record
TN:
SF:src/validation/account.validator.ts
FN:10,(anonymous_2)
FNF:1
FNH:1
FNDA:1,(anonymous_2)
DA:1,1
DA:8,1
DA:10,1
DA:13,1
DA:17,1
DA:21,1
DA:25,1
DA:26,1
LF:8
LH:8
BRF:0
BRH:0
end_of_record
TN:
SF:src/validation/people.validator.ts
FN:4,(anonymous_2)
FNF:1
FNH:1
FNDA:2,(anonymous_2)
DA:1,2
DA:2,2
DA:4,2
DA:7,2
DA:11,2
DA:15,2
DA:16,2
LF:7
LH:7
BRF:0
BRH:0
end_of_record
TN:
SF:src/validation/transaction.validator.ts
FN:3,(anonymous_2)
FNF:1
FNH:1
FNDA:1,(anonymous_2)
DA:1,1
DA:3,1
DA:6,1
DA:10,1
DA:11,1
LF:5
LH:5
BRF:0
BRH:0
end_of_record
